2019-12-20 11:21:56 [127.0.0.1][-][-][error][yii\web\HttpException:404] yii\base\InvalidRouteException: Unable to resolve the request "v1/". in /var/www/eda/vendor/yiisoft/yii2/base/Module.php:537
Stack trace:
#0 /var/www/eda/vendor/yiisoft/yii2/web/Application.php(103): yii\base\Module->runAction('v1/', Array)
#1 /var/www/eda/vendor/yiisoft/yii2/base/Application.php(386): yii\web\Application->handleRequest(Object(yii\web\Request))
#2 /var/www/eda/api/web/index.php(17): yii\base\Application->run()
#3 {main}

Next yii\web\NotFoundHttpException: Страница не найдена. in /var/www/eda/vendor/yiisoft/yii2/web/Application.php:115
Stack trace:
#0 /var/www/eda/vendor/yiisoft/yii2/base/Application.php(386): yii\web\Application->handleRequest(Object(yii\web\Request))
#1 /var/www/eda/api/web/index.php(17): yii\base\Application->run()
#2 {main}
2019-12-20 11:21:56 [127.0.0.1][-][-][info][application] $_GET = []

$_POST = []

$_FILES = []

$_COOKIE = [
    '_csrf' => 'd08ea5d458b69d4d805642daa48762058e14c2876b4cbfc2bbfa5b46b5a2f993a:2:{i:0;s:5:\"_csrf\";i:1;s:32:\"kjcjhl7l5cMDmJWrYUeth0Xqc8iJsf-Z\";}'
]

$_SERVER = [
    'USER' => 'www-data'
    'HOME' => '/var/www'
    'HTTP_COOKIE' => '_csrf=d08ea5d458b69d4d805642daa48762058e14c2876b4cbfc2bbfa5b46b5a2f993a%3A2%3A%7Bi%3A0%3Bs%3A5%3A%22_csrf%22%3Bi%3A1%3Bs%3A32%3A%22kjcjhl7l5cMDmJWrYUeth0Xqc8iJsf-Z%22%3B%7D'
    'HTTP_ACCEPT_LANGUAGE' => 'ru,en;q=0.9,la;q=0.8,hr;q=0.7,mt;q=0.6,zh;q=0.5,cs;q=0.4'
    'HTTP_ACCEPT_ENCODING' => 'gzip, deflate'
    'HTTP_ACCEPT' => 'text/html,application/xhtml+xml,application/xml;q=0.9,image/webp,image/apng,*/*;q=0.8,application/signed-exchange;v=b3'
    'HTTP_USER_AGENT' => 'Mozilla/5.0 (X11; Linux x86_64) AppleWebKit/537.36 (KHTML, like Gecko) Chrome/76.0.3809.132 YaBrowser/19.9.3.358 (beta) Yowser/2.5 Safari/537.36'
    'HTTP_UPGRADE_INSECURE_REQUESTS' => '1'
    'HTTP_CONNECTION' => 'keep-alive'
    'HTTP_HOST' => 'api.eda.loc'
    'SCRIPT_FILENAME' => '/var/www/eda/api/web/index.php'
    'REDIRECT_STATUS' => '200'
    'SERVER_NAME' => 'api.eda.loc'
    'SERVER_PORT' => '80'
    'SERVER_ADDR' => '127.0.0.1'
    'REMOTE_PORT' => '47598'
    'REMOTE_ADDR' => '127.0.0.1'
    'SERVER_SOFTWARE' => 'nginx/1.14.0'
    'GATEWAY_INTERFACE' => 'CGI/1.1'
    'REQUEST_SCHEME' => 'http'
    'SERVER_PROTOCOL' => 'HTTP/1.1'
    'DOCUMENT_ROOT' => '/var/www/eda/api/web'
    'DOCUMENT_URI' => '/index.php'
    'REQUEST_URI' => '/v1/'
    'SCRIPT_NAME' => '/index.php'
    'CONTENT_LENGTH' => ''
    'CONTENT_TYPE' => ''
    'REQUEST_METHOD' => 'GET'
    'QUERY_STRING' => ''
    'FCGI_ROLE' => 'RESPONDER'
    'PHP_SELF' => '/index.php'
    'REQUEST_TIME_FLOAT' => 1576840916.1028
    'REQUEST_TIME' => 1576840916
]
2019-12-20 11:22:00 [127.0.0.1][-][-][error][yii\web\HttpException:404] yii\base\InvalidRouteException: Unable to resolve the request "v1/default". in /var/www/eda/vendor/yiisoft/yii2/base/Module.php:537
Stack trace:
#0 /var/www/eda/vendor/yiisoft/yii2/web/Application.php(103): yii\base\Module->runAction('v1/default', Array)
#1 /var/www/eda/vendor/yiisoft/yii2/base/Application.php(386): yii\web\Application->handleRequest(Object(yii\web\Request))
#2 /var/www/eda/api/web/index.php(17): yii\base\Application->run()
#3 {main}

Next yii\web\NotFoundHttpException: Страница не найдена. in /var/www/eda/vendor/yiisoft/yii2/web/Application.php:115
Stack trace:
#0 /var/www/eda/vendor/yiisoft/yii2/base/Application.php(386): yii\web\Application->handleRequest(Object(yii\web\Request))
#1 /var/www/eda/api/web/index.php(17): yii\base\Application->run()
#2 {main}
2019-12-20 11:22:00 [127.0.0.1][-][-][info][application] $_GET = []

$_POST = []

$_FILES = []

$_COOKIE = [
    '_csrf' => 'd08ea5d458b69d4d805642daa48762058e14c2876b4cbfc2bbfa5b46b5a2f993a:2:{i:0;s:5:\"_csrf\";i:1;s:32:\"kjcjhl7l5cMDmJWrYUeth0Xqc8iJsf-Z\";}'
]

$_SERVER = [
    'USER' => 'www-data'
    'HOME' => '/var/www'
    'HTTP_COOKIE' => '_csrf=d08ea5d458b69d4d805642daa48762058e14c2876b4cbfc2bbfa5b46b5a2f993a%3A2%3A%7Bi%3A0%3Bs%3A5%3A%22_csrf%22%3Bi%3A1%3Bs%3A32%3A%22kjcjhl7l5cMDmJWrYUeth0Xqc8iJsf-Z%22%3B%7D'
    'HTTP_ACCEPT_LANGUAGE' => 'ru,en;q=0.9,la;q=0.8,hr;q=0.7,mt;q=0.6,zh;q=0.5,cs;q=0.4'
    'HTTP_ACCEPT_ENCODING' => 'gzip, deflate'
    'HTTP_ACCEPT' => 'text/html,application/xhtml+xml,application/xml;q=0.9,image/webp,image/apng,*/*;q=0.8,application/signed-exchange;v=b3'
    'HTTP_USER_AGENT' => 'Mozilla/5.0 (X11; Linux x86_64) AppleWebKit/537.36 (KHTML, like Gecko) Chrome/76.0.3809.132 YaBrowser/19.9.3.358 (beta) Yowser/2.5 Safari/537.36'
    'HTTP_UPGRADE_INSECURE_REQUESTS' => '1'
    'HTTP_CONNECTION' => 'keep-alive'
    'HTTP_HOST' => 'api.eda.loc'
    'SCRIPT_FILENAME' => '/var/www/eda/api/web/index.php'
    'REDIRECT_STATUS' => '200'
    'SERVER_NAME' => 'api.eda.loc'
    'SERVER_PORT' => '80'
    'SERVER_ADDR' => '127.0.0.1'
    'REMOTE_PORT' => '47598'
    'REMOTE_ADDR' => '127.0.0.1'
    'SERVER_SOFTWARE' => 'nginx/1.14.0'
    'GATEWAY_INTERFACE' => 'CGI/1.1'
    'REQUEST_SCHEME' => 'http'
    'SERVER_PROTOCOL' => 'HTTP/1.1'
    'DOCUMENT_ROOT' => '/var/www/eda/api/web'
    'DOCUMENT_URI' => '/index.php'
    'REQUEST_URI' => '/v1/default'
    'SCRIPT_NAME' => '/index.php'
    'CONTENT_LENGTH' => ''
    'CONTENT_TYPE' => ''
    'REQUEST_METHOD' => 'GET'
    'QUERY_STRING' => ''
    'FCGI_ROLE' => 'RESPONDER'
    'PHP_SELF' => '/index.php'
    'REQUEST_TIME_FLOAT' => 1576840920.9712
    'REQUEST_TIME' => 1576840920
]
2019-12-20 11:23:18 [127.0.0.1][-][-][error][yii\base\ViewNotFoundException] yii\base\ViewNotFoundException: The view file does not exist: /var/www/eda/api/views/layouts/main.php in /var/www/eda/vendor/yiisoft/yii2/base/View.php:233
Stack trace:
#0 /var/www/eda/vendor/yiisoft/yii2/base/Controller.php(401): yii\base\View->renderFile('/var/www/eda/ap...', Array, Object(app\modules\v1\controllers\DefaultController))
#1 /var/www/eda/vendor/yiisoft/yii2/base/Controller.php(387): yii\base\Controller->renderContent('<div class="v1-...')
#2 /var/www/eda/api/modules/v1/controllers/DefaultController.php(18): yii\base\Controller->render('index')
#3 [internal function]: app\modules\v1\controllers\DefaultController->actionIndex()
#4 /var/www/eda/vendor/yiisoft/yii2/base/InlineAction.php(57): call_user_func_array(Array, Array)
#5 /var/www/eda/vendor/yiisoft/yii2/base/Controller.php(157): yii\base\InlineAction->runWithParams(Array)
#6 /var/www/eda/vendor/yiisoft/yii2/base/Module.php(528): yii\base\Controller->runAction('', Array)
#7 /var/www/eda/vendor/yiisoft/yii2/web/Application.php(103): yii\base\Module->runAction('v1/', Array)
#8 /var/www/eda/vendor/yiisoft/yii2/base/Application.php(386): yii\web\Application->handleRequest(Object(yii\web\Request))
#9 /var/www/eda/api/web/index.php(17): yii\base\Application->run()
#10 {main}
2019-12-20 11:23:18 [127.0.0.1][-][-][info][application] $_GET = []

$_POST = []

$_FILES = []

$_COOKIE = [
    '_csrf' => 'd08ea5d458b69d4d805642daa48762058e14c2876b4cbfc2bbfa5b46b5a2f993a:2:{i:0;s:5:\"_csrf\";i:1;s:32:\"kjcjhl7l5cMDmJWrYUeth0Xqc8iJsf-Z\";}'
]

$_SERVER = [
    'USER' => 'www-data'
    'HOME' => '/var/www'
    'HTTP_COOKIE' => '_csrf=d08ea5d458b69d4d805642daa48762058e14c2876b4cbfc2bbfa5b46b5a2f993a%3A2%3A%7Bi%3A0%3Bs%3A5%3A%22_csrf%22%3Bi%3A1%3Bs%3A32%3A%22kjcjhl7l5cMDmJWrYUeth0Xqc8iJsf-Z%22%3B%7D'
    'HTTP_ACCEPT_LANGUAGE' => 'ru,en;q=0.9,la;q=0.8,hr;q=0.7,mt;q=0.6,zh;q=0.5,cs;q=0.4'
    'HTTP_ACCEPT_ENCODING' => 'gzip, deflate'
    'HTTP_ACCEPT' => 'text/html,application/xhtml+xml,application/xml;q=0.9,image/webp,image/apng,*/*;q=0.8,application/signed-exchange;v=b3'
    'HTTP_USER_AGENT' => 'Mozilla/5.0 (X11; Linux x86_64) AppleWebKit/537.36 (KHTML, like Gecko) Chrome/76.0.3809.132 YaBrowser/19.9.3.358 (beta) Yowser/2.5 Safari/537.36'
    'HTTP_UPGRADE_INSECURE_REQUESTS' => '1'
    'HTTP_CONNECTION' => 'keep-alive'
    'HTTP_HOST' => 'api.eda.loc'
    'SCRIPT_FILENAME' => '/var/www/eda/api/web/index.php'
    'REDIRECT_STATUS' => '200'
    'SERVER_NAME' => 'api.eda.loc'
    'SERVER_PORT' => '80'
    'SERVER_ADDR' => '127.0.0.1'
    'REMOTE_PORT' => '47598'
    'REMOTE_ADDR' => '127.0.0.1'
    'SERVER_SOFTWARE' => 'nginx/1.14.0'
    'GATEWAY_INTERFACE' => 'CGI/1.1'
    'REQUEST_SCHEME' => 'http'
    'SERVER_PROTOCOL' => 'HTTP/1.1'
    'DOCUMENT_ROOT' => '/var/www/eda/api/web'
    'DOCUMENT_URI' => '/index.php'
    'REQUEST_URI' => '/v1/'
    'SCRIPT_NAME' => '/index.php'
    'CONTENT_LENGTH' => ''
    'CONTENT_TYPE' => ''
    'REQUEST_METHOD' => 'GET'
    'QUERY_STRING' => ''
    'FCGI_ROLE' => 'RESPONDER'
    'PHP_SELF' => '/index.php'
    'REQUEST_TIME_FLOAT' => 1576840998.9848
    'REQUEST_TIME' => 1576840998
]
2019-12-20 11:23:39 [127.0.0.1][-][-][error][yii\base\ViewNotFoundException] yii\base\ViewNotFoundException: The view file does not exist: /var/www/eda/api/views/layouts/main.php in /var/www/eda/vendor/yiisoft/yii2/base/View.php:233
Stack trace:
#0 /var/www/eda/vendor/yiisoft/yii2/base/Controller.php(401): yii\base\View->renderFile('/var/www/eda/ap...', Array, Object(app\modules\v1\controllers\DefaultController))
#1 /var/www/eda/vendor/yiisoft/yii2/base/Controller.php(387): yii\base\Controller->renderContent('<div class="v1-...')
#2 /var/www/eda/api/modules/v1/controllers/DefaultController.php(18): yii\base\Controller->render('index')
#3 [internal function]: app\modules\v1\controllers\DefaultController->actionIndex()
#4 /var/www/eda/vendor/yiisoft/yii2/base/InlineAction.php(57): call_user_func_array(Array, Array)
#5 /var/www/eda/vendor/yiisoft/yii2/base/Controller.php(157): yii\base\InlineAction->runWithParams(Array)
#6 /var/www/eda/vendor/yiisoft/yii2/base/Module.php(528): yii\base\Controller->runAction('', Array)
#7 /var/www/eda/vendor/yiisoft/yii2/web/Application.php(103): yii\base\Module->runAction('v1/', Array)
#8 /var/www/eda/vendor/yiisoft/yii2/base/Application.php(386): yii\web\Application->handleRequest(Object(yii\web\Request))
#9 /var/www/eda/api/web/index.php(17): yii\base\Application->run()
#10 {main}
2019-12-20 11:23:39 [127.0.0.1][-][-][info][application] $_GET = []

$_POST = []

$_FILES = []

$_COOKIE = [
    '_csrf' => 'd08ea5d458b69d4d805642daa48762058e14c2876b4cbfc2bbfa5b46b5a2f993a:2:{i:0;s:5:\"_csrf\";i:1;s:32:\"kjcjhl7l5cMDmJWrYUeth0Xqc8iJsf-Z\";}'
]

$_SERVER = [
    'USER' => 'www-data'
    'HOME' => '/var/www'
    'HTTP_COOKIE' => '_csrf=d08ea5d458b69d4d805642daa48762058e14c2876b4cbfc2bbfa5b46b5a2f993a%3A2%3A%7Bi%3A0%3Bs%3A5%3A%22_csrf%22%3Bi%3A1%3Bs%3A32%3A%22kjcjhl7l5cMDmJWrYUeth0Xqc8iJsf-Z%22%3B%7D'
    'HTTP_ACCEPT_LANGUAGE' => 'ru,en;q=0.9,la;q=0.8,hr;q=0.7,mt;q=0.6,zh;q=0.5,cs;q=0.4'
    'HTTP_ACCEPT_ENCODING' => 'gzip, deflate'
    'HTTP_ACCEPT' => 'text/html,application/xhtml+xml,application/xml;q=0.9,image/webp,image/apng,*/*;q=0.8,application/signed-exchange;v=b3'
    'HTTP_USER_AGENT' => 'Mozilla/5.0 (X11; Linux x86_64) AppleWebKit/537.36 (KHTML, like Gecko) Chrome/76.0.3809.132 YaBrowser/19.9.3.358 (beta) Yowser/2.5 Safari/537.36'
    'HTTP_UPGRADE_INSECURE_REQUESTS' => '1'
    'HTTP_CACHE_CONTROL' => 'max-age=0'
    'HTTP_CONNECTION' => 'keep-alive'
    'HTTP_HOST' => 'api.eda.loc'
    'SCRIPT_FILENAME' => '/var/www/eda/api/web/index.php'
    'REDIRECT_STATUS' => '200'
    'SERVER_NAME' => 'api.eda.loc'
    'SERVER_PORT' => '80'
    'SERVER_ADDR' => '127.0.0.1'
    'REMOTE_PORT' => '47598'
    'REMOTE_ADDR' => '127.0.0.1'
    'SERVER_SOFTWARE' => 'nginx/1.14.0'
    'GATEWAY_INTERFACE' => 'CGI/1.1'
    'REQUEST_SCHEME' => 'http'
    'SERVER_PROTOCOL' => 'HTTP/1.1'
    'DOCUMENT_ROOT' => '/var/www/eda/api/web'
    'DOCUMENT_URI' => '/index.php'
    'REQUEST_URI' => '/v1/'
    'SCRIPT_NAME' => '/index.php'
    'CONTENT_LENGTH' => ''
    'CONTENT_TYPE' => ''
    'REQUEST_METHOD' => 'GET'
    'QUERY_STRING' => ''
    'FCGI_ROLE' => 'RESPONDER'
    'PHP_SELF' => '/index.php'
    'REQUEST_TIME_FLOAT' => 1576841019.0342
    'REQUEST_TIME' => 1576841019
]
